<?xml version="1.0" encoding="UTF-8"?>
<testng-results ignored="0" total="1" passed="1" failed="0" skipped="0">
  <reporter-output>
  </reporter-output>
  <suite started-at="2024-09-12T23:16:45 IST" name="Default suite" finished-at="2024-09-12T23:17:28 IST" duration-ms="42669">
    <groups>
    </groups>
    <test started-at="2024-09-12T23:16:45 IST" name="Default test" finished-at="2024-09-12T23:17:28 IST" duration-ms="42669">
      <class name="com.BusinessLogic.Build_B01_LoginStory">
        <test-method signature="login_test()[pri:0, instance:com.BusinessLogic.Build_B01_LoginStory@543295b0]" started-at="2024-09-12T23:16:45 IST" name="login_test" finished-at="2024-09-12T23:17:28 IST" duration-ms="42607" status="PASS">
          <reporter-output>
          </reporter-output>
        </test-method> <!-- login_test -->
      </class> <!-- com.BusinessLogic.Build_B01_LoginStory -->
    </test> <!-- Default test -->
  </suite> <!-- Default suite -->
</testng-results>
